(1649496028.353902) can0 0CF11E05#000000007C018000
(1649496028.385147) can0 0CF11F05#0036000002060000
(1649496028.413994) can0 0CF11E05#000000007C018000
(1649496028.447640) can0 0CF11F05#0036000002060000
(1649496028.474063) can0 0CF11E05#000000007C018000
(1649496028.505335) can0 0CF11F05#0036000002060000
(1649496028.534181) can0 0CF11E05#000000006F018000
(1649496028.567877) can0 0CF11F05#0036000002060000
(1649496028.594229) can0 0CF11E05#0000000046018000
(1649496028.625478) can0 0CF11F05#0036000002060000
(1649496028.654328) can0 0CF11E05#0000000020018000
(1649496028.688002) can0 0CF11F05#0036000002060000
(1649496028.714438) can0 0CF11E05#00000000FD008000
(1649496028.800000) can0 141C0242#111B00000D003814
(1649496028.900000) can0 14340180#03DCB843D0076B00
(1649496028.100000) can0 10240081#7C003209BB015203
(1649496028.110000) can0 1C040040#7863010013A70000
(1649496028.120000) can0 1C040040#6067010013A70000
(1649496028.130000) can0 1C040040#486B010013A70000
(1649496028.140000) can0 1C040040#306F010013A70000
(1649496028.150000) can0 1C040040#1873010013A70000
(1649496028.160000) can0 1C040040#0077010013A70000
(1649496028.170000) can0 1C040040#E87A010013A70000
(1649496028.180000) can0 1C040040#D07E010013A70000
(1649496028.190000) can0 1C040040#B882010013A70000
(1649496028.200000) can0 1C040040#A086010013A70000